[2026-03-21 10:30:26] === LOOP STARTING ===
[2026-03-21 10:30:26] Working directory: /home/user/go/src/github.com/opd-ai/go-gamelaunch-www
[2026-03-21 10:30:26] Prompt directory:  /home/user/go/src/github.com/opd-ai/go-stats-generator
[2026-03-21 10:30:26] Max iterations:    50
[2026-03-21 10:30:26] --- Initialization ---
[2026-03-21 10:30:26] AUDIT.md already exists — skipping BASE_AUDIT.md.
[2026-03-21 10:30:26] PLAN.md not found — delegating MAKE_PLAN.md...
[2026-03-21 10:30:26] Delegating: MAKE_PLAN.md
[2026-03-21 10:33:39] Delegation complete: MAKE_PLAN.md (exit code: 141)
[2026-03-21 10:33:39] PLAN.md created successfully.
[2026-03-21 10:33:39] --- Entering main loop (max 50 iterations) ---
[2026-03-21 10:33:39] 
[2026-03-21 10:33:39] === Iteration 1 / 50 ===
[2026-03-21 10:33:39] Step A: Executing next task...
[2026-03-21 10:33:39] Delegating: EXECUTE.md
[2026-03-21 10:41:16] Delegation complete: EXECUTE.md (exit code: 141)
[2026-03-21 10:41:16] WARNING: EXECUTE.md delegation returned non-zero.
[2026-03-21 10:41:16] Step B: Running tests...
[2026-03-21 10:41:16] Running tests...
[2026-03-21 10:41:19] Tests PASSED
[2026-03-21 10:41:19] [iteration 1] executed EXECUTE.md — tests: PASS
[2026-03-21 10:41:19] 
[2026-03-21 10:41:19] === Iteration 2 / 50 ===
[2026-03-21 10:41:19] Step A: Executing next task...
[2026-03-21 10:41:19] Delegating: EXECUTE.md
[2026-03-21 10:49:27] Delegation complete: EXECUTE.md (exit code: 141)
[2026-03-21 10:49:27] WARNING: EXECUTE.md delegation returned non-zero.
[2026-03-21 10:49:27] Step B: Running tests...
[2026-03-21 10:49:27] Running tests...
[2026-03-21 10:49:31] Tests PASSED
[2026-03-21 10:49:31] [iteration 2] executed EXECUTE.md — tests: PASS
[2026-03-21 10:49:31] 
[2026-03-21 10:49:31] === Iteration 3 / 50 ===
[2026-03-21 10:49:31] Step A: Executing next task...
[2026-03-21 10:49:31] Delegating: EXECUTE.md
[2026-03-21 10:55:51] Delegation complete: EXECUTE.md (exit code: 141)
[2026-03-21 10:55:51] WARNING: EXECUTE.md delegation returned non-zero.
[2026-03-21 10:55:51] Step B: Running tests...
[2026-03-21 10:55:51] Running tests...
[2026-03-21 10:55:54] Tests FAILED (exit code: 1)
[2026-03-21 10:55:54] Tests failed — delegating FAIL.md to diagnose and fix...
[2026-03-21 10:55:54] Delegating: FAIL.md
[2026-03-21 10:59:18] === LOOP STARTING ===
[2026-03-21 10:59:18] Working directory: /home/user/go/src/github.com/opd-ai/go-gamelaunch-www
[2026-03-21 10:59:18] Prompt directory:  /home/user/go/src/github.com/opd-ai/go-stats-generator
[2026-03-21 10:59:18] Max iterations:    50
[2026-03-21 10:59:18] --- Initialization ---
[2026-03-21 10:59:18] AUDIT.md not found — delegating BASE_AUDIT.md...
[2026-03-21 10:59:18] Delegating: BASE_AUDIT.md
[2026-03-21 11:06:27] Delegation complete: BASE_AUDIT.md (exit code: 141)
[2026-03-21 11:06:27] AUDIT.md created successfully.
[2026-03-21 11:06:27] PLAN.md already exists — skipping MAKE_PLAN.md.
[2026-03-21 11:06:27] --- Entering main loop (max 50 iterations) ---
[2026-03-21 11:06:27] 
[2026-03-21 11:06:27] === Iteration 1 / 50 ===
[2026-03-21 11:06:27] Step A: Executing next task...
[2026-03-21 11:06:27] Delegating: EXECUTE.md
